2023-03-27 20:05:02,863 - INFO - Successful API call: /api/topten?data=netflix&token=password12345
2023-03-27 21:06:17,858 - INFO - Successful API call: /api/topten?data=netflix&token=password12345
2023-03-27 21:07:57,238 - INFO - Successful API call: /api/topten?data=netflix&token=password12345
2023-03-28 00:51:55,703 - INFO - Successful API call: /api/topten?data=netflix&token=password12345
2023-03-28 00:52:26,254 - INFO - Successful API call: /api/topten?data=netflix&token=password12345
2023-03-28 02:04:35,636 - INFO - Successful API call: /api/topten?data=netflix&token=password12345
2023-03-28 02:38:53,233 - INFO - Successful API call: /api/topten?data=netflix&token=password12345
2023-03-28 02:40:58,486 - INFO - Successful API call: /api/topten?data=amazon-prime&token=password12345
2023-03-28 02:43:02,775 - INFO - Successful API call: /api/topten?data=hbo&token=password12345
2023-03-28 02:45:07,936 - INFO - Successful API call: /api/topten?data=hulu&token=password12345
2023-03-28 02:47:12,844 - INFO - Successful API call: /api/topten?data=disney&token=password12345
2023-03-28 02:49:17,343 - INFO - Successful API call: /api/topten?data=paramount-plus&token=password12345
2023-03-28 18:20:03,456 - INFO - Successful API call: /api/topten?data=netflix&token=password12345
2023-03-28 22:53:28,949 - INFO - Successful API call: /api/topten?data=netflix&token=password12345
2023-03-28 22:53:38,190 - INFO - Successful API call: /api/topten?data=amazon-prime&token=password12345
2023-03-28 22:53:48,080 - INFO - Successful API call: /api/topten?data=hbo&token=password12345
2023-03-28 22:59:28,409 - INFO - Successful API call: /api/topten?data=netflix&token=password12345
2023-03-28 22:59:34,814 - INFO - Successful API call: /api/topten?data=amazon-prime&token=password12345
2023-03-28 23:03:06,527 - INFO - Successful API call: /api/topten?data=netflix&token=password12345
2023-03-28 23:07:10,121 - INFO - Successful API call: /api/topten?data=netflix&token=password12345
2023-03-28 23:08:03,867 - INFO - Successful API call: /api/topten?data=netflix&token=password12345
2023-03-28 23:08:12,851 - INFO - Successful API call: /api/topten?data=amazon-prime&token=password12345
2023-03-28 23:08:20,555 - INFO - Successful API call: /api/topten?data=hbo&token=password12345
2023-03-28 23:08:33,061 - INFO - Successful API call: /api/topten?data=hulu&token=password12345
2023-03-28 23:08:44,547 - INFO - Successful API call: /api/topten?data=disney&token=password12345
2023-03-28 23:08:56,187 - INFO - Successful API call: /api/topten?data=paramount-plus&token=password12345
2023-03-28 23:10:07,408 - INFO - Successful API call: /api/topten?data=netflix&token=password12345
2023-03-28 23:10:22,629 - INFO - Successful API call: /api/topten?data=amazon-prime&token=password12345
2023-03-28 23:10:33,827 - INFO - Successful API call: /api/topten?data=hbo&token=password12345
2023-03-28 23:10:43,755 - INFO - Successful API call: /api/topten?data=hulu&token=password12345
2023-03-28 23:10:54,003 - INFO - Successful API call: /api/topten?data=disney&token=password12345
2023-03-28 23:11:05,207 - INFO - Successful API call: /api/topten?data=paramount-plus&token=password12345
